Hmm ... looks like a package
This is pdfTeX, Version 3.14159265-2.6-1.40.18 (TeX Live 2017/Debian) (preloaded format=pdflatex)
 restricted \write18 enabled.
entering extended mode
(./Rd2.tex
LaTeX2e <2017-04-15>
Babel <3.18> and hyphenation patterns for 3 language(s) loaded.

(/usr/share/texlive/texmf-dist/tex/latex/base/book.cls
Document Class: book 2014/09/29 v1.4h Standard LaTeX document class
(/usr/share/texlive/texmf-dist/tex/latex/base/bk10.clo))
(/opt/conda/lib/R/share/texmf/tex/latex/Rd.sty
(/usr/share/texlive/texmf-dist/tex/latex/base/ifthen.sty)
(/usr/share/texlive/texmf-dist/tex/latex/tools/longtable.sty)
(/usr/share/texlive/texmf-dist/tex/latex/tools/bm.sty)
(/usr/share/texlive/texmf-dist/tex/latex/base/alltt.sty)
(/usr/share/texlive/texmf-dist/tex/latex/tools/verbatim.sty)
(/usr/share/texlive/texmf-dist/tex/latex/url/url.sty)
(/usr/share/texlive/texmf-dist/tex/latex/base/textcomp.sty
(/usr/share/texlive/texmf-dist/tex/latex/base/ts1enc.def))
(/usr/share/texlive/texmf-dist/tex/latex/base/fontenc.sty
(/usr/share/texlive/texmf-dist/tex/latex/base/t1enc.def))
(/usr/share/texlive/texmf-dist/tex/latex/psnfss/times.sty)
(/usr/share/texlive/texmf-dist/tex/latex/graphics/color.sty
(/usr/share/texlive/texmf-dist/tex/latex/graphics-cfg/color.cfg)
(/usr/share/texlive/texmf-dist/tex/latex/graphics-def/pdftex.def))
(/usr/share/texlive/texmf-dist/tex/latex/hyperref/hyperref.sty
(/usr/share/texlive/texmf-dist/tex/generic/oberdiek/hobsub-hyperref.sty
(/usr/share/texlive/texmf-dist/tex/generic/oberdiek/hobsub-generic.sty))
(/usr/share/texlive/texmf-dist/tex/latex/graphics/keyval.sty)
(/usr/share/texlive/texmf-dist/tex/generic/ifxetex/ifxetex.sty)
(/usr/share/texlive/texmf-dist/tex/latex/oberdiek/auxhook.sty)
(/usr/share/texlive/texmf-dist/tex/latex/oberdiek/kvoptions.sty)
(/usr/share/texlive/texmf-dist/tex/latex/hyperref/pd1enc.def)
(/usr/share/texlive/texmf-dist/tex/latex/latexconfig/hyperref.cfg))
(/usr/share/texlive/texmf-dist/tex/latex/hyperref/hpdftex.def
(/usr/share/texlive/texmf-dist/tex/latex/oberdiek/rerunfilecheck.sty))

Package hyperref Warning: Option `hyperindex' has already been used,
(hyperref)                setting the option has no effect on input line 377.


Package hyperref Warning: Option `pagebackref' has already been used,
(hyperref)                setting the option has no effect on input line 377.

) (/usr/share/texlive/texmf-dist/tex/latex/base/makeidx.sty)
(/usr/share/texlive/texmf-dist/tex/latex/base/inputenc.sty
(/usr/share/texlive/texmf-dist/tex/latex/base/utf8.def
(/usr/share/texlive/texmf-dist/tex/latex/base/t1enc.dfu)
(/usr/share/texlive/texmf-dist/tex/latex/base/ot1enc.dfu)
(/usr/share/texlive/texmf-dist/tex/latex/base/omsenc.dfu)
(/usr/share/texlive/texmf-dist/tex/latex/base/ts1enc.dfu)))
Writing index file Rd2.idx
No file Rd2.aux.
(/usr/share/texlive/texmf-dist/tex/latex/base/ts1cmr.fd)
(/usr/share/texlive/texmf-dist/tex/latex/psnfss/t1ptm.fd)
(/usr/share/texlive/texmf-dist/tex/context/base/mkii/supp-pdf.mkii
[Loading MPS to PDF converter (version 2006.09.02).]
) (/usr/share/texlive/texmf-dist/tex/latex/hyperref/nameref.sty
(/usr/share/texlive/texmf-dist/tex/generic/oberdiek/gettitlestring.sty))
(/usr/share/texlive/texmf-dist/tex/latex/base/utf8.def)
(/usr/share/texlive/texmf-dist/tex/latex/psnfss/t1pcr.fd)
(/usr/share/texlive/texmf-dist/tex/latex/psnfss/t1phv.fd)
(/usr/share/texlive/texmf-dist/tex/latex/base/utf8.def) [1{/var/lib/texmf/fonts
/map/pdftex/updmap/pdftex.map}]
Overfull \hbox (7.24802pt too wide) in paragraph at lines 70--88
\T1/ptm/m/n/10 any pre-dic-tor with only two unique val-ues re-gard-less of its
 orig-i-nal class), to [][]\T1/pcr/m/n/10 scaled_contr_poly[][][]
(/usr/share/texlive/texmf-dist/tex/latex/base/utf8.def) [2]
(/usr/share/texlive/texmf-dist/tex/latex/base/utf8.def)
(/usr/share/texlive/texmf-dist/tex/latex/base/utf8.def)
(/usr/share/texlive/texmf-dist/tex/latex/psnfss/ts1pcr.fd) [3]
(/usr/share/texlive/texmf-dist/tex/latex/base/utf8.def) [4]
Overfull \hbox (9.78043pt too wide) in paragraph at lines 253--253
 []\T1/pcr/m/n/9 named_contr_sum(f)  # named sum contrasts (NA dropped; levels 
alphabetized)[] 

Overfull \hbox (9.78043pt too wide) in paragraph at lines 255--255
 []\T1/pcr/m/n/9 named_contr_sum(f, return_contr = FALSE)  # factor with named 
sum contrasts[] 

Overfull \hbox (20.58041pt too wide) in paragraph at lines 265--265
 []\T1/pcr/m/n/9 named_contr_sum(rep(letters[1:5], 2), return_contr = FALSE)  #
 creates factor[] 
[5] (/usr/share/texlive/texmf-dist/tex/latex/base/utf8.def) [6]
Overfull \hbox (63.78036pt too wide) in paragraph at lines 362--362
 []\T1/pcr/m/n/9 preds <- predict(mod, newdata = test.s)  # can ignore warning 
about dropped contrasts[] 
(/usr/share/texlive/texmf-dist/tex/latex/base/utf8.def)
(/usr/share/texlive/texmf-dist/tex/latex/base/utf8.def) [7]
(/usr/share/texlive/texmf-dist/tex/latex/base/utf8.def) [8] [9]
Overfull \hbox (3.69774pt too wide) in paragraph at lines 541--547
[]\T1/ptm/m/n/10 If \T1/pcr/m/n/10 object \T1/ptm/m/n/10 is not a for-mula, it 
must be a nu-meric vari-able which re-sulted from a pre-vi-ous \T1/pcr/m/n/10 s
cale_by
[10] (/usr/share/texlive/texmf-dist/tex/latex/base/utf8.def)
Overfull \hbox (37.57765pt too wide) in paragraph at lines 660--663
[]\T1/ptm/m/n/10 If \T1/pcr/m/n/10 return_contr = TRUE \T1/ptm/m/n/10 a scaled 
or-thog-o-nal poly-no-mial con-trast ma-trix is re-turned. If \T1/pcr/m/n/10 re
turn_contr
[11] (/usr/share/texlive/texmf-dist/tex/latex/base/utf8.def)
Overfull \hbox (18.78088pt too wide) in paragraph at lines 706--706
 []\T1/pcr/m/n/10 standardize(formula, data, family = gaussian, scale = 1, offs
et, ...)[] 
[12] [13]
Overfull \hbox (24.1297pt too wide) in paragraph at lines 821--827
[]\T1/ptm/m/n/10 For scal-ing and con-trasts, see [][]\T1/pcr/m/n/10 scale[][][
]\T1/ptm/m/n/10 , [][]\T1/pcr/m/n/10 scale_by[][][]\T1/ptm/m/n/10 , [][]\T1/pcr
/m/n/10 named_contr_sum[][][]\T1/ptm/m/n/10 , and [][]\T1/pcr/m/n/10 scaled_con
tr_poly[][][]\T1/ptm/m/n/10 .

Overfull \hbox (31.3804pt too wide) in paragraph at lines 835--835
 []\T1/pcr/m/n/9 dat$z <- rnorm(nrow(dat), rep(rnorm(30), each = 18), rep(runif
(30), each = 18))[] 

Overfull \hbox (15.18042pt too wide) in paragraph at lines 874--874
 []\T1/pcr/m/n/9 # these warnings can be ignored (i.e. the statement still eval
uates to TRUE)[] 
[14] (/usr/share/texlive/texmf-dist/tex/latex/base/utf8.def)
(/usr/share/texlive/texmf-dist/tex/latex/base/utf8.def) [15]
Overfull \hbox (1.49059pt too wide) in paragraph at lines 961--979
\T1/pcr/m/n/10 mydata$x1Pos_x2Neg <-mydata$x1 > 0 & mydata$x2 < 0\T1/ptm/m/n/10
 , and then use \T1/pcr/m/n/10 x1Pos_x2Neg
No file Rd2.ind.
[16] (./Rd2.aux)

Package rerunfilecheck Warning: File `Rd2.out' has changed.
(rerunfilecheck)                Rerun to get outlines right
(rerunfilecheck)                or use package `bookmark'.

 )
(see the transcript file for additional information)pdfTeX warning (dest): name
{Rfn.poly} has been referenced but does not exist, replaced by a fixed one

pdfTeX warning (dest): name{Rfn.model.frame} has been referenced but does not e
xist, replaced by a fixed one

pdfTeX warning (dest): name{Rfn.offset} has been referenced but does not exist,
 replaced by a fixed one

pdfTeX warning (dest): name{Rfn.family} has been referenced but does not exist,
 replaced by a fixed one

pdfTeX warning (dest): name{Rfn.contr.poly} has been referenced but does not ex
ist, replaced by a fixed one

pdfTeX warning (dest): name{Rfn.contr.sum} has been referenced but does not exi
st, replaced by a fixed one

pdfTeX warning (dest): name{Rfn.formula} has been referenced but does not exist
, replaced by a fixed one

pdfTeX warning (dest): name{Rfn.makepredictcall} has been referenced but does n
ot exist, replaced by a fixed one

pdfTeX warning (dest): name{Rfn.contrasts} has been referenced but does not exi
st, replaced by a fixed one

pdfTeX warning (dest): name{Rfn.factor} has been referenced but does not exist,
 replaced by a fixed one

pdfTeX warning (dest): name{Rfn.scale} has been referenced but does not exist, 
replaced by a fixed one

{/usr/share/texlive/texmf-dist/fonts/enc/dvips/base/8r.enc}</usr/share/texlive/
texmf-dist/fonts/type1/urw/courier/ucrr8a.pfb></usr/share/texlive/texmf-dist/fo
nts/type1/urw/helvetic/uhvr8a.pfb></usr/share/texlive/texmf-dist/fonts/type1/ur
w/times/utmb8a.pfb></usr/share/texlive/texmf-dist/fonts/type1/urw/times/utmr8a.
pfb></usr/share/texlive/texmf-dist/fonts/type1/urw/times/utmr8a.pfb></usr/share
/texlive/texmf-dist/fonts/type1/urw/times/utmri8a.pfb>
Output written on Rd2.pdf (16 pages, 117123 bytes).
Transcript written on Rd2.log.
This is makeindex, version 2.15 [TeX Live 2017] (kpathsea + Thai support).
Scanning input file Rd2.idx....done (109 entries accepted, 0 rejected).
Sorting entries....done (848 comparisons).
Generating output file Rd2.ind....done (74 lines written, 0 warnings).
Output written in Rd2.ind.
Transcript written in Rd2.ilg.
This is pdfTeX, Version 3.14159265-2.6-1.40.18 (TeX Live 2017/Debian) (preloaded format=pdflatex)
 restricted \write18 enabled.
entering extended mode
(./Rd2.tex
LaTeX2e <2017-04-15>
Babel <3.18> and hyphenation patterns for 3 language(s) loaded.

(/usr/share/texlive/texmf-dist/tex/latex/base/book.cls
Document Class: book 2014/09/29 v1.4h Standard LaTeX document class
(/usr/share/texlive/texmf-dist/tex/latex/base/bk10.clo))
(/opt/conda/lib/R/share/texmf/tex/latex/Rd.sty
(/usr/share/texlive/texmf-dist/tex/latex/base/ifthen.sty)
(/usr/share/texlive/texmf-dist/tex/latex/tools/longtable.sty)
(/usr/share/texlive/texmf-dist/tex/latex/tools/bm.sty)
(/usr/share/texlive/texmf-dist/tex/latex/base/alltt.sty)
(/usr/share/texlive/texmf-dist/tex/latex/tools/verbatim.sty)
(/usr/share/texlive/texmf-dist/tex/latex/url/url.sty)
(/usr/share/texlive/texmf-dist/tex/latex/base/textcomp.sty
(/usr/share/texlive/texmf-dist/tex/latex/base/ts1enc.def))
(/usr/share/texlive/texmf-dist/tex/latex/base/fontenc.sty
(/usr/share/texlive/texmf-dist/tex/latex/base/t1enc.def))
(/usr/share/texlive/texmf-dist/tex/latex/psnfss/times.sty)
(/usr/share/texlive/texmf-dist/tex/latex/graphics/color.sty
(/usr/share/texlive/texmf-dist/tex/latex/graphics-cfg/color.cfg)
(/usr/share/texlive/texmf-dist/tex/latex/graphics-def/pdftex.def))
(/usr/share/texlive/texmf-dist/tex/latex/hyperref/hyperref.sty
(/usr/share/texlive/texmf-dist/tex/generic/oberdiek/hobsub-hyperref.sty
(/usr/share/texlive/texmf-dist/tex/generic/oberdiek/hobsub-generic.sty))
(/usr/share/texlive/texmf-dist/tex/latex/graphics/keyval.sty)
(/usr/share/texlive/texmf-dist/tex/generic/ifxetex/ifxetex.sty)
(/usr/share/texlive/texmf-dist/tex/latex/oberdiek/auxhook.sty)
(/usr/share/texlive/texmf-dist/tex/latex/oberdiek/kvoptions.sty)
(/usr/share/texlive/texmf-dist/tex/latex/hyperref/pd1enc.def)
(/usr/share/texlive/texmf-dist/tex/latex/latexconfig/hyperref.cfg))
(/usr/share/texlive/texmf-dist/tex/latex/hyperref/hpdftex.def
(/usr/share/texlive/texmf-dist/tex/latex/oberdiek/rerunfilecheck.sty))

Package hyperref Warning: Option `hyperindex' has already been used,
(hyperref)                setting the option has no effect on input line 377.


Package hyperref Warning: Option `pagebackref' has already been used,
(hyperref)                setting the option has no effect on input line 377.

) (/usr/share/texlive/texmf-dist/tex/latex/base/makeidx.sty)
(/usr/share/texlive/texmf-dist/tex/latex/base/inputenc.sty
(/usr/share/texlive/texmf-dist/tex/latex/base/utf8.def
(/usr/share/texlive/texmf-dist/tex/latex/base/t1enc.dfu)
(/usr/share/texlive/texmf-dist/tex/latex/base/ot1enc.dfu)
(/usr/share/texlive/texmf-dist/tex/latex/base/omsenc.dfu)
(/usr/share/texlive/texmf-dist/tex/latex/base/ts1enc.dfu)))
Writing index file Rd2.idx
(./Rd2.aux) (/usr/share/texlive/texmf-dist/tex/latex/base/ts1cmr.fd)
(/usr/share/texlive/texmf-dist/tex/latex/psnfss/t1ptm.fd)
(/usr/share/texlive/texmf-dist/tex/context/base/mkii/supp-pdf.mkii
[Loading MPS to PDF converter (version 2006.09.02).]
) (/usr/share/texlive/texmf-dist/tex/latex/hyperref/nameref.sty
(/usr/share/texlive/texmf-dist/tex/generic/oberdiek/gettitlestring.sty))
(./Rd2.out) (./Rd2.out) (/usr/share/texlive/texmf-dist/tex/latex/base/utf8.def)
(/usr/share/texlive/texmf-dist/tex/latex/psnfss/t1pcr.fd)
(/usr/share/texlive/texmf-dist/tex/latex/psnfss/t1phv.fd) (./Rd2.toc)
(/usr/share/texlive/texmf-dist/tex/latex/base/utf8.def) [1{/var/lib/texmf/fonts
/map/pdftex/updmap/pdftex.map}]
Overfull \hbox (7.24802pt too wide) in paragraph at lines 70--88
\T1/ptm/m/n/10 any pre-dic-tor with only two unique val-ues re-gard-less of its
 orig-i-nal class), to [][]\T1/pcr/m/n/10 scaled_contr_poly[][][]
(/usr/share/texlive/texmf-dist/tex/latex/base/utf8.def) [2]
(/usr/share/texlive/texmf-dist/tex/latex/base/utf8.def)
(/usr/share/texlive/texmf-dist/tex/latex/base/utf8.def)
(/usr/share/texlive/texmf-dist/tex/latex/psnfss/ts1pcr.fd) [3]
(/usr/share/texlive/texmf-dist/tex/latex/base/utf8.def) [4]
Overfull \hbox (9.78043pt too wide) in paragraph at lines 253--253
 []\T1/pcr/m/n/9 named_contr_sum(f)  # named sum contrasts (NA dropped; levels 
alphabetized)[] 

Overfull \hbox (9.78043pt too wide) in paragraph at lines 255--255
 []\T1/pcr/m/n/9 named_contr_sum(f, return_contr = FALSE)  # factor with named 
sum contrasts[] 

Overfull \hbox (20.58041pt too wide) in paragraph at lines 265--265
 []\T1/pcr/m/n/9 named_contr_sum(rep(letters[1:5], 2), return_contr = FALSE)  #
 creates factor[] 
[5] (/usr/share/texlive/texmf-dist/tex/latex/base/utf8.def) [6]
Overfull \hbox (63.78036pt too wide) in paragraph at lines 362--362
 []\T1/pcr/m/n/9 preds <- predict(mod, newdata = test.s)  # can ignore warning 
about dropped contrasts[] 
(/usr/share/texlive/texmf-dist/tex/latex/base/utf8.def)
(/usr/share/texlive/texmf-dist/tex/latex/base/utf8.def) [7]
(/usr/share/texlive/texmf-dist/tex/latex/base/utf8.def) [8] [9]
Overfull \hbox (3.69774pt too wide) in paragraph at lines 541--547
[]\T1/ptm/m/n/10 If \T1/pcr/m/n/10 object \T1/ptm/m/n/10 is not a for-mula, it 
must be a nu-meric vari-able which re-sulted from a pre-vi-ous \T1/pcr/m/n/10 s
cale_by
[10] (/usr/share/texlive/texmf-dist/tex/latex/base/utf8.def)
Overfull \hbox (37.57765pt too wide) in paragraph at lines 660--663
[]\T1/ptm/m/n/10 If \T1/pcr/m/n/10 return_contr = TRUE \T1/ptm/m/n/10 a scaled 
or-thog-o-nal poly-no-mial con-trast ma-trix is re-turned. If \T1/pcr/m/n/10 re
turn_contr
[11] (/usr/share/texlive/texmf-dist/tex/latex/base/utf8.def)
Overfull \hbox (18.78088pt too wide) in paragraph at lines 706--706
 []\T1/pcr/m/n/10 standardize(formula, data, family = gaussian, scale = 1, offs
et, ...)[] 
[12] [13]
Overfull \hbox (24.1297pt too wide) in paragraph at lines 821--827
[]\T1/ptm/m/n/10 For scal-ing and con-trasts, see [][]\T1/pcr/m/n/10 scale[][][
]\T1/ptm/m/n/10 , [][]\T1/pcr/m/n/10 scale_by[][][]\T1/ptm/m/n/10 , [][]\T1/pcr
/m/n/10 named_contr_sum[][][]\T1/ptm/m/n/10 , and [][]\T1/pcr/m/n/10 scaled_con
tr_poly[][][]\T1/ptm/m/n/10 .

Overfull \hbox (31.3804pt too wide) in paragraph at lines 835--835
 []\T1/pcr/m/n/9 dat$z <- rnorm(nrow(dat), rep(rnorm(30), each = 18), rep(runif
(30), each = 18))[] 

Overfull \hbox (15.18042pt too wide) in paragraph at lines 874--874
 []\T1/pcr/m/n/9 # these warnings can be ignored (i.e. the statement still eval
uates to TRUE)[] 
[14] (/usr/share/texlive/texmf-dist/tex/latex/base/utf8.def)
(/usr/share/texlive/texmf-dist/tex/latex/base/utf8.def) [15]
Overfull \hbox (1.49059pt too wide) in paragraph at lines 961--979
\T1/pcr/m/n/10 mydata$x1Pos_x2Neg <-mydata$x1 > 0 & mydata$x2 < 0\T1/ptm/m/n/10
 , and then use \T1/pcr/m/n/10 x1Pos_x2Neg
(./Rd2.ind [16] [17]) (./Rd2.aux)

Package rerunfilecheck Warning: File `Rd2.out' has changed.
(rerunfilecheck)                Rerun to get outlines right
(rerunfilecheck)                or use package `bookmark'.

 )
(see the transcript file for additional information)pdfTeX warning (dest): name
{Rfn.poly} has been referenced but does not exist, replaced by a fixed one

pdfTeX warning (dest): name{Rfn.model.frame} has been referenced but does not e
xist, replaced by a fixed one

pdfTeX warning (dest): name{Rfn.offset} has been referenced but does not exist,
 replaced by a fixed one

pdfTeX warning (dest): name{Rfn.family} has been referenced but does not exist,
 replaced by a fixed one

pdfTeX warning (dest): name{Rfn.contr.poly} has been referenced but does not ex
ist, replaced by a fixed one

pdfTeX warning (dest): name{Rfn.contr.sum} has been referenced but does not exi
st, replaced by a fixed one

pdfTeX warning (dest): name{Rfn.formula} has been referenced but does not exist
, replaced by a fixed one

pdfTeX warning (dest): name{Rfn.makepredictcall} has been referenced but does n
ot exist, replaced by a fixed one

pdfTeX warning (dest): name{Rfn.contrasts} has been referenced but does not exi
st, replaced by a fixed one

pdfTeX warning (dest): name{Rfn.factor} has been referenced but does not exist,
 replaced by a fixed one

pdfTeX warning (dest): name{Rfn.scale} has been referenced but does not exist, 
replaced by a fixed one

{/usr/share/texlive/texmf-dist/fonts/enc/dvips/base/8r.enc}</usr/share/texlive/
texmf-dist/fonts/type1/public/amsfonts/cm/cmsy10.pfb></usr/share/texlive/texmf-
dist/fonts/type1/urw/courier/ucrr8a.pfb></usr/share/texlive/texmf-dist/fonts/ty
pe1/urw/helvetic/uhvr8a.pfb></usr/share/texlive/texmf-dist/fonts/type1/urw/time
s/utmb8a.pfb></usr/share/texlive/texmf-dist/fonts/type1/urw/times/utmr8a.pfb></
usr/share/texlive/texmf-dist/fonts/type1/urw/times/utmr8a.pfb></usr/share/texli
ve/texmf-dist/fonts/type1/urw/times/utmri8a.pfb>
Output written on Rd2.pdf (17 pages, 129796 bytes).
Transcript written on Rd2.log.
This is makeindex, version 2.15 [TeX Live 2017] (kpathsea + Thai support).
Scanning input file Rd2.idx....done (109 entries accepted, 0 rejected).
Sorting entries....done (848 comparisons).
Generating output file Rd2.ind....done (74 lines written, 0 warnings).
Output written in Rd2.ind.
Transcript written in Rd2.ilg.
This is pdfTeX, Version 3.14159265-2.6-1.40.18 (TeX Live 2017/Debian) (preloaded format=pdflatex)
 restricted \write18 enabled.
entering extended mode
(./Rd2.tex
LaTeX2e <2017-04-15>
Babel <3.18> and hyphenation patterns for 3 language(s) loaded.

(/usr/share/texlive/texmf-dist/tex/latex/base/book.cls
Document Class: book 2014/09/29 v1.4h Standard LaTeX document class
(/usr/share/texlive/texmf-dist/tex/latex/base/bk10.clo))
(/opt/conda/lib/R/share/texmf/tex/latex/Rd.sty
(/usr/share/texlive/texmf-dist/tex/latex/base/ifthen.sty)
(/usr/share/texlive/texmf-dist/tex/latex/tools/longtable.sty)
(/usr/share/texlive/texmf-dist/tex/latex/tools/bm.sty)
(/usr/share/texlive/texmf-dist/tex/latex/base/alltt.sty)
(/usr/share/texlive/texmf-dist/tex/latex/tools/verbatim.sty)
(/usr/share/texlive/texmf-dist/tex/latex/url/url.sty)
(/usr/share/texlive/texmf-dist/tex/latex/base/textcomp.sty
(/usr/share/texlive/texmf-dist/tex/latex/base/ts1enc.def))
(/usr/share/texlive/texmf-dist/tex/latex/base/fontenc.sty
(/usr/share/texlive/texmf-dist/tex/latex/base/t1enc.def))
(/usr/share/texlive/texmf-dist/tex/latex/psnfss/times.sty)
(/usr/share/texlive/texmf-dist/tex/latex/graphics/color.sty
(/usr/share/texlive/texmf-dist/tex/latex/graphics-cfg/color.cfg)
(/usr/share/texlive/texmf-dist/tex/latex/graphics-def/pdftex.def))
(/usr/share/texlive/texmf-dist/tex/latex/hyperref/hyperref.sty
(/usr/share/texlive/texmf-dist/tex/generic/oberdiek/hobsub-hyperref.sty
(/usr/share/texlive/texmf-dist/tex/generic/oberdiek/hobsub-generic.sty))
(/usr/share/texlive/texmf-dist/tex/latex/graphics/keyval.sty)
(/usr/share/texlive/texmf-dist/tex/generic/ifxetex/ifxetex.sty)
(/usr/share/texlive/texmf-dist/tex/latex/oberdiek/auxhook.sty)
(/usr/share/texlive/texmf-dist/tex/latex/oberdiek/kvoptions.sty)
(/usr/share/texlive/texmf-dist/tex/latex/hyperref/pd1enc.def)
(/usr/share/texlive/texmf-dist/tex/latex/latexconfig/hyperref.cfg))
(/usr/share/texlive/texmf-dist/tex/latex/hyperref/hpdftex.def
(/usr/share/texlive/texmf-dist/tex/latex/oberdiek/rerunfilecheck.sty))

Package hyperref Warning: Option `hyperindex' has already been used,
(hyperref)                setting the option has no effect on input line 377.


Package hyperref Warning: Option `pagebackref' has already been used,
(hyperref)                setting the option has no effect on input line 377.

) (/usr/share/texlive/texmf-dist/tex/latex/base/makeidx.sty)
(/usr/share/texlive/texmf-dist/tex/latex/base/inputenc.sty
(/usr/share/texlive/texmf-dist/tex/latex/base/utf8.def
(/usr/share/texlive/texmf-dist/tex/latex/base/t1enc.dfu)
(/usr/share/texlive/texmf-dist/tex/latex/base/ot1enc.dfu)
(/usr/share/texlive/texmf-dist/tex/latex/base/omsenc.dfu)
(/usr/share/texlive/texmf-dist/tex/latex/base/ts1enc.dfu)))
Writing index file Rd2.idx
(./Rd2.aux) (/usr/share/texlive/texmf-dist/tex/latex/base/ts1cmr.fd)
(/usr/share/texlive/texmf-dist/tex/latex/psnfss/t1ptm.fd)
(/usr/share/texlive/texmf-dist/tex/context/base/mkii/supp-pdf.mkii
[Loading MPS to PDF converter (version 2006.09.02).]
) (/usr/share/texlive/texmf-dist/tex/latex/hyperref/nameref.sty
(/usr/share/texlive/texmf-dist/tex/generic/oberdiek/gettitlestring.sty))
(./Rd2.out) (./Rd2.out) (/usr/share/texlive/texmf-dist/tex/latex/base/utf8.def)
(/usr/share/texlive/texmf-dist/tex/latex/psnfss/t1pcr.fd)
(/usr/share/texlive/texmf-dist/tex/latex/psnfss/t1phv.fd) (./Rd2.toc [1{/var/li
b/texmf/fonts/map/pdftex/updmap/pdftex.map}])
(/usr/share/texlive/texmf-dist/tex/latex/base/utf8.def)
Overfull \hbox (7.24802pt too wide) in paragraph at lines 70--88
\T1/ptm/m/n/10 any pre-dic-tor with only two unique val-ues re-gard-less of its
 orig-i-nal class), to [][]\T1/pcr/m/n/10 scaled_contr_poly[][][]
(/usr/share/texlive/texmf-dist/tex/latex/base/utf8.def) [2]
(/usr/share/texlive/texmf-dist/tex/latex/base/utf8.def)
(/usr/share/texlive/texmf-dist/tex/latex/base/utf8.def)
(/usr/share/texlive/texmf-dist/tex/latex/psnfss/ts1pcr.fd) [3]
(/usr/share/texlive/texmf-dist/tex/latex/base/utf8.def) [4]
Overfull \hbox (9.78043pt too wide) in paragraph at lines 253--253
 []\T1/pcr/m/n/9 named_contr_sum(f)  # named sum contrasts (NA dropped; levels 
alphabetized)[] 

Overfull \hbox (9.78043pt too wide) in paragraph at lines 255--255
 []\T1/pcr/m/n/9 named_contr_sum(f, return_contr = FALSE)  # factor with named 
sum contrasts[] 

Overfull \hbox (20.58041pt too wide) in paragraph at lines 265--265
 []\T1/pcr/m/n/9 named_contr_sum(rep(letters[1:5], 2), return_contr = FALSE)  #
 creates factor[] 
[5] (/usr/share/texlive/texmf-dist/tex/latex/base/utf8.def) [6]
Overfull \hbox (63.78036pt too wide) in paragraph at lines 362--362
 []\T1/pcr/m/n/9 preds <- predict(mod, newdata = test.s)  # can ignore warning 
about dropped contrasts[] 
(/usr/share/texlive/texmf-dist/tex/latex/base/utf8.def)
(/usr/share/texlive/texmf-dist/tex/latex/base/utf8.def) [7]
(/usr/share/texlive/texmf-dist/tex/latex/base/utf8.def) [8] [9]
Overfull \hbox (3.69774pt too wide) in paragraph at lines 541--547
[]\T1/ptm/m/n/10 If \T1/pcr/m/n/10 object \T1/ptm/m/n/10 is not a for-mula, it 
must be a nu-meric vari-able which re-sulted from a pre-vi-ous \T1/pcr/m/n/10 s
cale_by
[10] (/usr/share/texlive/texmf-dist/tex/latex/base/utf8.def)
Overfull \hbox (37.57765pt too wide) in paragraph at lines 660--663
[]\T1/ptm/m/n/10 If \T1/pcr/m/n/10 return_contr = TRUE \T1/ptm/m/n/10 a scaled 
or-thog-o-nal poly-no-mial con-trast ma-trix is re-turned. If \T1/pcr/m/n/10 re
turn_contr
[11] (/usr/share/texlive/texmf-dist/tex/latex/base/utf8.def)
Overfull \hbox (18.78088pt too wide) in paragraph at lines 706--706
 []\T1/pcr/m/n/10 standardize(formula, data, family = gaussian, scale = 1, offs
et, ...)[] 
[12] [13]
Overfull \hbox (24.1297pt too wide) in paragraph at lines 821--827
[]\T1/ptm/m/n/10 For scal-ing and con-trasts, see [][]\T1/pcr/m/n/10 scale[][][
]\T1/ptm/m/n/10 , [][]\T1/pcr/m/n/10 scale_by[][][]\T1/ptm/m/n/10 , [][]\T1/pcr
/m/n/10 named_contr_sum[][][]\T1/ptm/m/n/10 , and [][]\T1/pcr/m/n/10 scaled_con
tr_poly[][][]\T1/ptm/m/n/10 .

Overfull \hbox (31.3804pt too wide) in paragraph at lines 835--835
 []\T1/pcr/m/n/9 dat$z <- rnorm(nrow(dat), rep(rnorm(30), each = 18), rep(runif
(30), each = 18))[] 

Overfull \hbox (15.18042pt too wide) in paragraph at lines 874--874
 []\T1/pcr/m/n/9 # these warnings can be ignored (i.e. the statement still eval
uates to TRUE)[] 
[14] (/usr/share/texlive/texmf-dist/tex/latex/base/utf8.def)
(/usr/share/texlive/texmf-dist/tex/latex/base/utf8.def) [15]
Overfull \hbox (1.49059pt too wide) in paragraph at lines 961--979
\T1/pcr/m/n/10 mydata$x1Pos_x2Neg <-mydata$x1 > 0 & mydata$x2 < 0\T1/ptm/m/n/10
 , and then use \T1/pcr/m/n/10 x1Pos_x2Neg
(./Rd2.ind [16] [17]) (./Rd2.aux) )
(see the transcript file for additional information)pdfTeX warning (dest): name
{Rfn.poly} has been referenced but does not exist, replaced by a fixed one

pdfTeX warning (dest): name{Rfn.model.frame} has been referenced but does not e
xist, replaced by a fixed one

pdfTeX warning (dest): name{Rfn.offset} has been referenced but does not exist,
 replaced by a fixed one

pdfTeX warning (dest): name{Rfn.family} has been referenced but does not exist,
 replaced by a fixed one

pdfTeX warning (dest): name{Rfn.contr.poly} has been referenced but does not ex
ist, replaced by a fixed one

pdfTeX warning (dest): name{Rfn.contr.sum} has been referenced but does not exi
st, replaced by a fixed one

pdfTeX warning (dest): name{Rfn.formula} has been referenced but does not exist
, replaced by a fixed one

pdfTeX warning (dest): name{Rfn.makepredictcall} has been referenced but does n
ot exist, replaced by a fixed one

pdfTeX warning (dest): name{Rfn.contrasts} has been referenced but does not exi
st, replaced by a fixed one

pdfTeX warning (dest): name{Rfn.factor} has been referenced but does not exist,
 replaced by a fixed one

pdfTeX warning (dest): name{Rfn.scale} has been referenced but does not exist, 
replaced by a fixed one

{/usr/share/texlive/texmf-dist/fonts/enc/dvips/base/8r.enc}</usr/share/texlive/
texmf-dist/fonts/type1/public/amsfonts/cm/cmsy10.pfb></usr/share/texlive/texmf-
dist/fonts/type1/urw/courier/ucrr8a.pfb></usr/share/texlive/texmf-dist/fonts/ty
pe1/urw/helvetic/uhvr8a.pfb></usr/share/texlive/texmf-dist/fonts/type1/urw/time
s/utmb8a.pfb></usr/share/texlive/texmf-dist/fonts/type1/urw/times/utmr8a.pfb></
usr/share/texlive/texmf-dist/fonts/type1/urw/times/utmr8a.pfb></usr/share/texli
ve/texmf-dist/fonts/type1/urw/times/utmri8a.pfb>
Output written on Rd2.pdf (17 pages, 130059 bytes).
Transcript written on Rd2.log.
Saving output to ‘standardize-manual.pdf’ ...
Done
You may want to clean up by 'rm -Rf /tmp/Rtmp8qN19e/Rd2pdf33af66e20774'
